0 info it worked if it ends with ok
1 verbose cli [ '/usr/local/bin/node', '/usr/local/bin/npm', 'start' ]
2 info using npm@3.7.3
3 info using node@v5.8.0
4 verbose run-script [ 'prestart', 'start', 'poststart' ]
5 info lifecycle dnartwork-holding-page@0.0.1~prestart: dnartwork-holding-page@0.0.1
6 silly lifecycle dnartwork-holding-page@0.0.1~prestart: no script for prestart, continuing
7 info lifecycle dnartwork-holding-page@0.0.1~start: dnartwork-holding-page@0.0.1
8 verbose lifecycle dnartwork-holding-page@0.0.1~start: unsafe-perm in lifecycle true
9 verbose lifecycle dnartwork-holding-page@0.0.1~start: PATH: /usr/local/lib/node_modules/npm/bin/node-gyp-bin:/Users/bernie/Documents/Projects/DNArtwork/holding-page/node_modules/.bin:/usr/local/bin:/Applications/MySQLWorkbench.app/Contents/MacOS:/Library/Frameworks/Python.framework/Versions/3.4/bin:/opt/local/bin:/opt/local/sbin:/usr/local/git/bin:/usr/local/sbin:/usr/local/bin:/usr/local/sbin:/usr/local/heroku/bin:/usr/bin:/bin:/usr/sbin:/sbin:/usr/local/bin:/usr/local/share/npm/bin:/Applications/Postgres.app/Contents/Versions/9.3/bin:/opt/X11/bin:/usr/local/git/bin
10 verbose lifecycle dnartwork-holding-page@0.0.1~start: CWD: /Users/bernie/Documents/Projects/DNArtwork/holding-page
11 silly lifecycle dnartwork-holding-page@0.0.1~start: Args: [ '-c', 'npm-run-all --parallel start:ts start:server' ]
12 silly lifecycle dnartwork-holding-page@0.0.1~start: Returned: code: 1  signal: null
13 info lifecycle dnartwork-holding-page@0.0.1~start: Failed to exec start script
14 verbose stack Error: dnartwork-holding-page@0.0.1 start: `npm-run-all --parallel start:ts start:server`
14 verbose stack Exit status 1
14 verbose stack     at EventEmitter.<anonymous> (/usr/local/lib/node_modules/npm/lib/utils/lifecycle.js:239:16)
14 verbose stack     at emitTwo (events.js:100:13)
14 verbose stack     at EventEmitter.emit (events.js:185:7)
14 verbose stack     at ChildProcess.<anonymous> (/usr/local/lib/node_modules/npm/lib/utils/spawn.js:24:14)
14 verbose stack     at emitTwo (events.js:100:13)
14 verbose stack     at ChildProcess.emit (events.js:185:7)
14 verbose stack     at maybeClose (internal/child_process.js:850:16)
14 verbose stack     at Process.ChildProcess._handle.onexit (internal/child_process.js:215:5)
15 verbose pkgid dnartwork-holding-page@0.0.1
16 verbose cwd /Users/bernie/Documents/Projects/DNArtwork/holding-page
17 error Darwin 15.5.0
18 error argv "/usr/local/bin/node" "/usr/local/bin/npm" "start"
19 error node v5.8.0
20 error npm  v3.7.3
21 error code ELIFECYCLE
22 error dnartwork-holding-page@0.0.1 start: `npm-run-all --parallel start:ts start:server`
22 error Exit status 1
23 error Failed at the dnartwork-holding-page@0.0.1 start script 'npm-run-all --parallel start:ts start:server'.
23 error Make sure you have the latest version of node.js and npm installed.
23 error If you do, this is most likely a problem with the dnartwork-holding-page package,
23 error not with npm itself.
23 error Tell the author that this fails on your system:
23 error     npm-run-all --parallel start:ts start:server
23 error You can get information on how to open an issue for this project with:
23 error     npm bugs dnartwork-holding-page
23 error Or if that isn't available, you can get their info via:
23 error     npm owner ls dnartwork-holding-page
23 error There is likely additional logging output above.
24 verbose exit [ 1, true ]
